2023.06.17 22:45:27 INFO  Started: Metals version 0.11.12 in workspace '/Users/akhilchepyala/Downloads/Food Ordering App-React/src' for client Visual Studio Code 1.79.0.
Jun 17, 2023 10:45:27 PM org.flywaydb.core.internal.license.VersionPrinter printVersionOnly
INFO: Flyway Community Edition 9.16.3 by Redgate
Jun 17, 2023 10:45:27 PM org.flywaydb.core.internal.license.VersionPrinter printVersion
INFO: See release notes here: https://rd.gt/416ObMi
Jun 17, 2023 10:45:27 PM org.flywaydb.core.internal.license.VersionPrinter printVersion
INFO: 
Jun 17, 2023 10:45:28 PM org.flywaydb.core.internal.database.base.BaseDatabaseType createDatabase
INFO: Database: jdbc:h2:file:/Users/akhilchepyala/Downloads/Food Ordering App-React/src/.metals/metals (H2 2.1)
Jun 17, 2023 10:45:28 PM org.flywaydb.core.internal.schemahistory.JdbcTableSchemaHistory allAppliedMigrations
INFO: Schema history table "PUBLIC"."flyway_schema_history" does not exist yet
Jun 17, 2023 10:45:28 PM org.flywaydb.core.internal.command.DbValidate validate
INFO: Successfully validated 4 migrations (execution time 00:00.082s)
Jun 17, 2023 10:45:28 PM org.flywaydb.core.internal.schemahistory.JdbcTableSchemaHistory create
INFO: Creating Schema History table "PUBLIC"."flyway_schema_history" ...
Jun 17, 2023 10:45:28 PM org.flywaydb.core.internal.command.DbMigrate migrateGroup
INFO: Current version of schema "PUBLIC": << Empty Schema >>
Jun 17, 2023 10:45:28 PM org.flywaydb.core.internal.command.DbMigrate doMigrateGroup
INFO: Migrating schema "PUBLIC" to version "1 - Create tables"
Jun 17, 2023 10:45:28 PM org.flywaydb.core.internal.command.DbMigrate doMigrateGroup
INFO: Migrating schema "PUBLIC" to version "2 - Server discovery"
Jun 17, 2023 10:45:28 PM org.flywaydb.core.internal.command.DbMigrate doMigrateGroup
INFO: Migrating schema "PUBLIC" to version "3 - Jar symbols"
Jun 17, 2023 10:45:28 PM org.flywaydb.core.internal.command.DbMigrate doMigrateGroup
INFO: Migrating schema "PUBLIC" to version "4 - Fingerprints"
Jun 17, 2023 10:45:28 PM org.flywaydb.core.internal.command.DbMigrate logSummary
INFO: Successfully applied 4 migrations to schema "PUBLIC", now at version v4 (execution time 00:00.138s)
2023.06.17 22:45:28 INFO  time: initialize in 0.89s
2023.06.17 22:45:33 WARN  Build server is not auto-connectable.
2023.06.17 22:45:33 WARN  no build tool detected in workspace '/Users/akhilchepyala/Downloads/Food Ordering App-React/src'. The most common cause for this problem is that the editor was opened in the wrong working directory, for example if you use sbt then the workspace directory should contain build.sbt. 
Jun 17, 2023 10:46:30 PM org.eclipse.lsp4j.jsonrpc.services.GenericEndpoint notify
INFO: Unsupported notification method: $/setTrace
2023.06.17 22:46:37 INFO  Shutting down server
2023.06.17 22:46:37 INFO  shutting down Metals
2023.06.17 22:46:37 INFO  Exiting server
2023.06.17 22:48:47 INFO  Started: Metals version 0.11.12 in workspace '/Users/akhilchepyala/Downloads/Food Ordering App-React/src' for client Visual Studio Code 1.79.0.
Jun 17, 2023 10:48:47 PM org.flywaydb.core.internal.license.VersionPrinter printVersionOnly
INFO: Flyway Community Edition 9.16.3 by Redgate
Jun 17, 2023 10:48:47 PM org.flywaydb.core.internal.license.VersionPrinter printVersion
INFO: See release notes here: https://rd.gt/416ObMi
Jun 17, 2023 10:48:47 PM org.flywaydb.core.internal.license.VersionPrinter printVersion
INFO: 
Jun 17, 2023 10:48:47 PM org.flywaydb.core.internal.database.base.BaseDatabaseType createDatabase
INFO: Database: jdbc:h2:file:/Users/akhilchepyala/Downloads/Food Ordering App-React/src/.metals/metals (H2 2.1)
Jun 17, 2023 10:48:47 PM org.flywaydb.core.internal.command.DbValidate validate
INFO: Successfully validated 4 migrations (execution time 00:00.025s)
Jun 17, 2023 10:48:47 PM org.flywaydb.core.internal.command.DbMigrate migrateGroup
INFO: Current version of schema "PUBLIC": 4
Jun 17, 2023 10:48:47 PM org.flywaydb.core.internal.command.DbMigrate logSummary
INFO: Schema "PUBLIC" is up to date. No migration necessary.
2023.06.17 22:48:47 INFO  time: initialize in 0.7s
2023.06.17 22:48:49 WARN  Build server is not auto-connectable.
2023.06.17 22:48:49 WARN  no build tool detected in workspace '/Users/akhilchepyala/Downloads/Food Ordering App-React/src'. The most common cause for this problem is that the editor was opened in the wrong working directory, for example if you use sbt then the workspace directory should contain build.sbt. 
Jun 17, 2023 11:24:19 PM org.eclipse.lsp4j.jsonrpc.services.GenericEndpoint notify
INFO: Unsupported notification method: $/setTrace
Jun 20, 2023 9:33:12 PM org.eclipse.lsp4j.jsonrpc.services.GenericEndpoint notify
INFO: Unsupported notification method: $/setTrace
Jun 20, 2023 9:34:49 PM org.eclipse.lsp4j.jsonrpc.services.GenericEndpoint notify
INFO: Unsupported notification method: $/setTrace
Jun 20, 2023 9:34:55 PM org.eclipse.lsp4j.jsonrpc.services.GenericEndpoint notify
INFO: Unsupported notification method: $/setTrace
2023.06.23 16:21:46 INFO  Shutting down server
2023.06.23 16:21:46 INFO  shutting down Metals
2023.06.23 16:21:46 INFO  Exiting server
